<?xml version="1.0" encoding="UTF-8"?>
<!-- Generated by org.testng.reporters.JUnitXMLReporter -->
<testsuite ignored="0" hostname="DESKTOP-L5K1S3V" failures="0" tests="4" name="Default test" time="20.413" errors="0" timestamp="2022-11-14T20:19:08 EST">
  <testcase classname="com.abc.tests.TC03_VerifyUserInfo" name="login" time="3.106"/>
  <testcase classname="com.abc.tests.TC03_VerifyUserInfo" name="verifyUser" time="6.923"/>
  <testcase classname="com.abc.tests.TC03_VerifyUserInfo" name="validateEmployeeID" time="6.265"/>
  <testcase classname="com.abc.tests.TC03_VerifyUserInfo" name="logout" time="0.002"/>
</testsuite> <!-- Default test -->
