<?xml version="1.0" encoding="UTF-8"?>
<!-- Generated by org.testng.reporters.JUnitXMLReporter -->
<testsuite ignored="0" hostname="DESKTOP-L5K1S3V" failures="1" tests="1" name="Test2" time="21.238" errors="0" timestamp="2022-11-02T21:34:41 EDT">
  <testcase classname="com.abc.tests.GoogleTest2" name="google" time="6.091">
    <failure type="java.lang.AssertionError" message="expected [Bing] but found [Extent - Google Search]">
      <![CDATA[java.lang.AssertionError: expected [Bing] but found [Extent - Google Search]
at com.abc.pages.GooglePage.googleSearch(GooglePage.java:25)
at com.abc.tests.GoogleTest2.google(GoogleTest2.java:21)
at java.base/java.util.ArrayList.forEach(ArrayList.java:1511)
... Removed 31 stack frames]]>
    </failure>
  </testcase> <!-- google -->
</testsuite> <!-- Test2 -->
